This is pdfTeX, Version 3.14159265-2.6-1.40.17 (TeX Live 2016/W32TeX) (preloaded format=pdflatex 2016.11.13)  6 MAR 2017 20:02
entering extended mode
 restricted \write18 enabled.
 %&-line parsing enabled.
**./sem_4_page4.tex
(./sem_4_page4.tex
LaTeX2e <2016/03/31> patch level 3
Babel <3.9r> and hyphenation patterns for 83 language(s) loaded.

! LaTeX Error: Missing \begin{document}.

See the LaTeX manual or LaTeX Companion for explanation.
Type  H <return>  for immediate help.
 ...                                              
                                                  
l.1 \textbf{–ü—Ä–∏–º–µ—Ä—ã:}
                            
You're in trouble here.  Try typing  <return>  to proceed.
If that doesn't work, type  X <return>  to quit.

Missing character: There is no – in font cmbx10!
Missing character: There is no ü in font cmbx10!
Missing character: There is no — in font cmbx10!
Missing character: There is no Ä in font cmbx10!
Missing character: There is no – in font cmbx10!
Missing character: There is no ∏ in font cmbx10!
Missing character: There is no – in font cmbx10!
Missing character: There is no º in font cmbx10!
Missing character: There is no – in font cmbx10!
Missing character: There is no µ in font cmbx10!
Missing character: There is no — in font cmbx10!
Missing character: There is no Ä in font cmbx10!
Missing character: There is no — in font cmbx10!
Missing character: There is no ã in font cmbx10!

! LaTeX Error: Environment wrapfigure undefined.

See the LaTeX manual or LaTeX Companion for explanation.
Type  H <return>  for immediate help.
 ...                                              
                                                  
l.2 \begin{wrapfigure}
                      {c}{0.2\linewidth}
Your command was ignored.
Type  I <command> <return>  to replace it with another command,
or  <return>  to continue without it.

Missing character: There is no c in font nullfont!
Missing character: There is no 0 in font nullfont!
Missing character: There is no . in font nullfont!
Missing character: There is no 2 in font nullfont!
! Missing number, treated as zero.
<to be read again> 
                   }
l.2 \begin{wrapfigure}{c}{0.2\linewidth}
                                        
A number should have been here; I inserted `0'.
(If you can't figure out why I needed to see a number,
look up `weird error' in the index to The TeXbook.)

! Illegal unit of measure (pt inserted).
<to be read again> 
                   }
l.2 \begin{wrapfigure}{c}{0.2\linewidth}
                                        
Dimensions can be in units of em, ex, in, pt, pc,
cm, mm, dd, cc, nd, nc, bp, or sp; but yours is a new one!
I'll assume that you meant to say pt, for printer's points.
To recover gracefully from this error, it's best to
delete the erroneous units; e.g., type `2' to delete
two letters. (See Chapter 27 of The TeXbook.)

! Undefined control sequence.
l.4 	\includegraphics
                     [width=\linewidth]{prim_a_cvet}
The control sequence at the end of the top line
of your error message was never \def'ed. If you have
misspelled it (e.g., `\hobx'), type `I' and the correct
spelling (e.g., `I\hbox'). Otherwise just continue,
and I'll forget about whatever was undefined.

Missing character: There is no [ in font nullfont!
Missing character: There is no w in font nullfont!
Missing character: There is no i in font nullfont!
Missing character: There is no d in font nullfont!
Missing character: There is no t in font nullfont!
Missing character: There is no h in font nullfont!
Missing character: There is no = in font nullfont!
! Missing number, treated as zero.
<to be read again> 
                   ]
l.4 	\includegraphics[width=\linewidth]
                                       {prim_a_cvet}
A number should have been here; I inserted `0'.
(If you can't figure out why I needed to see a number,
look up `weird error' in the index to The TeXbook.)

! Illegal unit of measure (pt inserted).
<to be read again> 
                   ]
l.4 	\includegraphics[width=\linewidth]
                                       {prim_a_cvet}
Dimensions can be in units of em, ex, in, pt, pc,
cm, mm, dd, cc, nd, nc, bp, or sp; but yours is a new one!
I'll assume that you meant to say pt, for printer's points.
To recover gracefully from this error, it's best to
delete the erroneous units; e.g., type `2' to delete
two letters. (See Chapter 27 of The TeXbook.)

Missing character: There is no ] in font nullfont!
Missing character: There is no p in font nullfont!
Missing character: There is no r in font nullfont!
Missing character: There is no i in font nullfont!
Missing character: There is no m in font nullfont!
! Missing $ inserted.
<inserted text> 
                $
l.4 	\includegraphics[width=\linewidth]{prim_
                                             a_cvet}
I've inserted a begin-math/end-math symbol since I think
you left one out. Proceed, with fingers crossed.

LaTeX Font Info:    External font `cmex10' loaded for size
(Font)              <7> on input line 4.
LaTeX Font Info:    External font `cmex10' loaded for size
(Font)              <5> on input line 4.
! Double subscript.
l.4 	\includegraphics[width=\linewidth]{prim_a_
                                               cvet}
I treat `x_1_2' essentially like `x_1{}_2'.

! Extra }, or forgotten $.
l.4 ...ludegraphics[width=\linewidth]{prim_a_cvet}
                                                  
I've deleted a group-closing symbol because it seems to be
spurious, as in `$x}$'. But perhaps the } is legitimate and
you forgot something else, as in `\hbox{$x}'. In such cases
the way to recover is to insert both the forgotten and the
deleted material, e.g., by typing `I$}'.


! LaTeX Error: \caption outside float.

See the LaTeX manual or LaTeX Companion for explanation.
Type  H <return>  for immediate help.
 ...                                              
                                                  
l.5 	\caption
             {–†–∏—Å—É–Ω–æ–∫ –ø–æ–¥–ø—Ä–æ—Å—Ç—Ä–∞–Ω—Å—Ç–≤ –∫ –ø—Ä–∏–º–µ—Ä—É ...

You're in trouble here.  Try typing  <return>  to proceed.
If that doesn't work, type  X <return>  to quit.

! Undefined control sequence.
l.6 	\includegraphics
                     [width=\linewidth]{prim_b_cvet}
The control sequence at the end of the top line
of your error message was never \def'ed. If you have
misspelled it (e.g., `\hobx'), type `I' and the correct
spelling (e.g., `I\hbox'). Otherwise just continue,
and I'll forget about whatever was undefined.

! Missing number, treated as zero.
<to be read again> 
                   ]
l.6 	\includegraphics[width=\linewidth]
                                       {prim_b_cvet}
A number should have been here; I inserted `0'.
(If you can't figure out why I needed to see a number,
look up `weird error' in the index to The TeXbook.)

! Illegal unit of measure (pt inserted).
<to be read again> 
                   ]
l.6 	\includegraphics[width=\linewidth]
                                       {prim_b_cvet}
Dimensions can be in units of em, ex, in, pt, pc,
cm, mm, dd, cc, nd, nc, bp, or sp; but yours is a new one!
I'll assume that you meant to say pt, for printer's points.
To recover gracefully from this error, it's best to
delete the erroneous units; e.g., type `2' to delete
two letters. (See Chapter 27 of The TeXbook.)

! Double subscript.
l.6 	\includegraphics[width=\linewidth]{prim_b_
                                               cvet}
I treat `x_1_2' essentially like `x_1{}_2'.


! LaTeX Error: \caption outside float.

See the LaTeX manual or LaTeX Companion for explanation.
Type  H <return>  for immediate help.
 ...                                              
                                                  
l.7 	\caption
             {–†–∏—Å—É–Ω–æ–∫ –ø–æ–¥–ø—Ä–æ—Å—Ç—Ä–∞–Ω—Å—Ç–≤ –∫ –ø—Ä–∏–º–µ—Ä—É ...

You're in trouble here.  Try typing  <return>  to proceed.
If that doesn't work, type  X <return>  to quit.


! LaTeX Error: \begin{document} ended by \end{wrapfigure}.

See the LaTeX manual or LaTeX Companion for explanation.
Type  H <return>  for immediate help.
 ...                                              
                                                  
l.8 \end{wrapfigure}
                    
Your command was ignored.
Type  I <command> <return>  to replace it with another command,
or  <return>  to continue without it.

! Missing $ inserted.
<inserted text> 
                $
l.8 \end{wrapfigure}
                    
I've inserted something that you may have forgotten.
(See the <inserted text> above.)
With luck, this will get me unwedged. But if you
really didn't forget anything, try typing `2' now; then
my insertion and my current dilemma will both disappear.

Missing character: There is no – in font cmr10!
Missing character: There is no † in font cmr10!
Missing character: There is no – in font cmr10!
Missing character: There is no ∏ in font cmr10!
Missing character: There is no — in font cmr10!
Missing character: There is no Å in font cmr10!
Missing character: There is no — in font cmr10!
Missing character: There is no É in font cmr10!
Missing character: There is no – in font cmr10!
Missing character: There is no Ω in font cmr10!
Missing character: There is no – in font cmr10!
Missing character: There is no æ in font cmr10!
Missing character: There is no – in font cmr10!
Missing character: There is no ∫ in font cmr10!
Missing character: There is no – in font cmr10!
Missing character: There is no ø in font cmr10!
Missing character: There is no – in font cmr10!
Missing character: There is no æ in font cmr10!
Missing character: There is no – in font cmr10!
Missing character: There is no ¥ in font cmr10!
Missing character: There is no – in font cmr10!
Missing character: There is no ø in font cmr10!
Missing character: There is no — in font cmr10!
Missing character: There is no Ä in font cmr10!
Missing character: There is no – in font cmr10!
Missing character: There is no æ in font cmr10!
Missing character: There is no — in font cmr10!
Missing character: There is no Å in font cmr10!
Missing character: There is no — in font cmr10!
Missing character: There is no Ç in font cmr10!
Missing character: There is no — in font cmr10!
Missing character: There is no Ä in font cmr10!
Missing character: There is no – in font cmr10!
Missing character: There is no ∞ in font cmr10!
Missing character: There is no – in font cmr10!
Missing character: There is no Ω in font cmr10!
Missing character: There is no — in font cmr10!
Missing character: There is no Å in font cmr10!
Missing character: There is no — in font cmr10!
Missing character: There is no Ç in font cmr10!
Missing character: There is no – in font cmr10!
Missing character: There is no ≤ in font cmr10!
Missing character: There is no – in font cmr10!
Missing character: There is no ∫ in font cmr10!
Missing character: There is no – in font cmr10!
Missing character: There is no ø in font cmr10!
Missing character: There is no — in font cmr10!
Missing character: There is no Ä in font cmr10!
Missing character: There is no – in font cmr10!
Missing character: There is no ∏ in font cmr10!
Missing character: There is no – in font cmr10!
Missing character: There is no º in font cmr10!
Missing character: There is no – in font cmr10!
Missing character: There is no µ in font cmr10!
Missing character: There is no — in font cmr10!
Missing character: There is no Ä in font cmr10!
Missing character: There is no — in font cmr10!
Missing character: There is no É in font cmr10!
Missing character: There is no – in font cmr10!
Missing character: There is no ∞ in font cmr10!
Missing character: There is no – in font cmr10!
Missing character: There is no † in font cmr10!
Missing character: There is no – in font cmr10!
Missing character: There is no ∏ in font cmr10!
Missing character: There is no — in font cmr10!
Missing character: There is no Å in font cmr10!
Missing character: There is no — in font cmr10!
Missing character: There is no É in font cmr10!
Missing character: There is no – in font cmr10!
Missing character: There is no Ω in font cmr10!
Missing character: There is no – in font cmr10!
Missing character: There is no æ in font cmr10!
Missing character: There is no – in font cmr10!
Missing character: There is no ∫ in font cmr10!
Missing character: There is no – in font cmr10!
Missing character: There is no ø in font cmr10!
Missing character: There is no – in font cmr10!
Missing character: There is no æ in font cmr10!
Missing character: There is no – in font cmr10!
Missing character: There is no ¥ in font cmr10!
Missing character: There is no – in font cmr10!
Missing character: There is no ø in font cmr10!
Missing character: There is no — in font cmr10!
Missing character: There is no Ä in font cmr10!
Missing character: There is no – in font cmr10!
Missing character: There is no æ in font cmr10!
Missing character: There is no — in font cmr10!
Missing character: There is no Å in font cmr10!
Missing character: There is no — in font cmr10!
Missing character: There is no Ç in font cmr10!
Missing character: There is no — in font cmr10!
Missing character: There is no Ä in font cmr10!
Missing character: There is no – in font cmr10!
Missing character: There is no ∞ in font cmr10!
Missing character: There is no – in font cmr10!
Missing character: There is no Ω in font cmr10!
Missing character: There is no — in font cmr10!
Missing character: There is no Å in font cmr10!
Missing character: There is no — in font cmr10!
Missing character: There is no Ç in font cmr10!
Missing character: There is no – in font cmr10!
Missing character: There is no ≤ in font cmr10!
Missing character: There is no – in font cmr10!
Missing character: There is no ∫ in font cmr10!
Missing character: There is no – in font cmr10!
Missing character: There is no ø in font cmr10!
Missing character: There is no — in font cmr10!
Missing character: There is no Ä in font cmr10!
Missing character: There is no – in font cmr10!
Missing character: There is no ∏ in font cmr10!
Missing character: There is no – in font cmr10!
Missing character: There is no º in font cmr10!
Missing character: There is no – in font cmr10!
Missing character: There is no µ in font cmr10!
Missing character: There is no — in font cmr10!
Missing character: There is no Ä in font cmr10!
Missing character: There is no — in font cmr10!
Missing character: There is no É in font cmr10!
Missing character: There is no – in font cmr10!
Missing character: There is no ± in font cmr10!
! Missing } inserted.
<inserted text> 
                }
l.8 \end{wrapfigure}
                    
I've inserted something that you may have forgotten.
(See the <inserted text> above.)
With luck, this will get me unwedged. But if you
really didn't forget anything, try typing `2' now; then
my insertion and my current dilemma will both disappear.

Missing character: There is no – in font nullfont!
Missing character: There is no ∞ in font nullfont!
Missing character: There is no ) in font nullfont!
! Undefined control sequence.
l.9 –∞) ${\color
                {orange}L_1}: <\overline{a}_1> \qquad \dim L_1 = 1$\\
The control sequence at the end of the top line
of your error message was never \def'ed. If you have
misspelled it (e.g., `\hobx'), type `I' and the correct
spelling (e.g., `I\hbox'). Otherwise just continue,
and I'll forget about whatever was undefined.

Missing character: There is no – in font nullfont!
Missing character: There is no ∞ in font nullfont!
Missing character: There is no ) in font nullfont!
! Undefined control sequence.
l.10 \phantom{–∞)}${\color
                          {blue}L_2}: <\overline{a}_2, \overline{a}_3> \qqua...
The control sequence at the end of the top line
of your error message was never \def'ed. If you have
misspelled it (e.g., `\hobx'), type `I' and the correct
spelling (e.g., `I\hbox'). Otherwise just continue,
and I'll forget about whatever was undefined.

Missing character: There is no – in font nullfont!
Missing character: There is no í in font nullfont!
Missing character: There is no – in font nullfont!
Missing character: There is no ¥ in font nullfont!
Missing character: There is no – in font nullfont!
Missing character: There is no ∞ in font nullfont!
Missing character: There is no – in font nullfont!
Missing character: There is no Ω in font nullfont!
Missing character: There is no – in font nullfont!
Missing character: There is no Ω in font nullfont!
Missing character: There is no – in font nullfont!
Missing character: There is no æ in font nullfont!
Missing character: There is no – in font nullfont!
Missing character: There is no º in font nullfont!
Missing character: There is no — in font nullfont!
Missing character: There is no Å in font nullfont!
Missing character: There is no – in font nullfont!
Missing character: There is no ª in font nullfont!
Missing character: There is no — in font nullfont!
Missing character: There is no É in font nullfont!
Missing character: There is no — in font nullfont!
Missing character: There is no á in font nullfont!
Missing character: There is no – in font nullfont!
Missing character: There is no ∞ in font nullfont!
Missing character: There is no – in font nullfont!
Missing character: There is no µ in font nullfont!
Missing character: There is no – in font nullfont!
Missing character: There is no ≤ in font nullfont!
Missing character: There is no – in font nullfont!
Missing character: There is no µ in font nullfont!
Missing character: There is no – in font nullfont!
Missing character: There is no ∫ in font nullfont!
Missing character: There is no — in font nullfont!
Missing character: There is no Ç in font nullfont!
Missing character: There is no – in font nullfont!
Missing character: There is no æ in font nullfont!
Missing character: There is no — in font nullfont!
Missing character: There is no Ä in font nullfont!
Missing character: There is no – in font nullfont!
Missing character: There is no ∞ in font nullfont!
Missing character: There is no – in font nullfont!
Missing character: There is no Ω in font nullfont!
Missing character: There is no – in font nullfont!
Missing character: There is no µ in font nullfont!
Missing character: There is no – in font nullfont!
Missing character: There is no ∫ in font nullfont!
Missing character: There is no – in font nullfont!
Missing character: There is no æ in font nullfont!
Missing character: There is no – in font nullfont!
Missing character: There is no º in font nullfont!
Missing character: There is no – in font nullfont!
Missing character: There is no ø in font nullfont!
Missing character: There is no – in font nullfont!
Missing character: There is no ª in font nullfont!
Missing character: There is no – in font nullfont!
Missing character: There is no ∞ in font nullfont!
Missing character: There is no – in font nullfont!
Missing character: There is no Ω in font nullfont!
Missing character: There is no – in font nullfont!
Missing character: There is no ∞ in font nullfont!
Missing character: There is no — in font nullfont!
Missing character: There is no Ä in font nullfont!
Missing character: There is no – in font nullfont!
Missing character: There is no Ω in font nullfont!
Missing character: There is no — in font nullfont!
Missing character: There is no ã in font nullfont!
Missing character: There is no . in font nullfont!
! Undefined control sequence.
l.12 ... \overline{a}_2, \overline{a}_3> = \mathbb
                                                  {R}^3$\\
The control sequence at the end of the top line
of your error message was never \def'ed. If you have
misspelled it (e.g., `\hobx'), type `I' and the correct
spelling (e.g., `I\hbox'). Otherwise just continue,
and I'll forget about whatever was undefined.

Missing character: There is no – in font nullfont!
Missing character: There is no ¢ in font nullfont!
Missing character: There is no . in font nullfont!
Missing character: There is no – in font nullfont!
Missing character: There is no æ in font nullfont!
Missing character: There is no . in font nullfont!

Overfull \hbox (23.19443pt too wide) in paragraph at lines 1--15
[]\OT1/cmr/bx/n/10 :
 []


Overfull \hbox (65.05792pt too wide) in paragraph at lines 1--15
[][]\OML/cmm/m/it/10 vet[]\OT1/cmr/m/n/10 [\OML/cmm/m/it/10 width \OT1/cmr/m/n/
10 =
 []


Overfull \hbox (50.27637pt too wide) in paragraph at lines 1--15
\OT1/cmr/m/n/10 ][][]$
 []


Overfull \hbox (55.33456pt too wide) in paragraph at lines 1--15
[] \OT1/cmr/m/n/10 :\OML/cmm/m/it/10 <
 []


Overfull \hbox (20.32753pt too wide) in paragraph at lines 1--15
[][] \OML/cmm/m/it/10 >
 []


Overfull \hbox (40.18056pt too wide) in paragraph at lines 1--15
[] \OML/cmm/m/it/10 L[] \OT1/cmr/m/n/10 =
 []


Overfull \hbox (5.00002pt too wide) in paragraph at lines 1--15
\OT1/cmr/m/n/10 1$ 
 []


Overfull \hbox (42.47807pt too wide) in paragraph at lines 1--15
[]$[] \OT1/cmr/m/n/10 :\OML/cmm/m/it/10 <
 []


Overfull \hbox (34.54396pt too wide) in paragraph at lines 1--15
[][]\OML/cmm/m/it/10 ; [][] >
 []


Overfull \hbox (40.18056pt too wide) in paragraph at lines 1--15
[] \OML/cmm/m/it/10 L[] \OT1/cmr/m/n/10 =
 []


Overfull \hbox (5.00002pt too wide) in paragraph at lines 1--15
\OT1/cmr/m/n/10 2$ 
 []


Overfull \hbox (19.0695pt too wide) in paragraph at lines 1--15
\OML/cmm/m/it/10 L[] \OT1/cmr/m/n/10 +
 []


Overfull \hbox (29.62502pt too wide) in paragraph at lines 1--15
\OML/cmm/m/it/10 L[] \OT1/cmr/m/n/10 =\OML/cmm/m/it/10 <
 []


Overfull \hbox (56.5382pt too wide) in paragraph at lines 1--15
[][]\OML/cmm/m/it/10 ; [][]; [][] >\OT1/cmr/m/n/10 =
 []


Overfull \hbox (12.15628pt too wide) in paragraph at lines 1--15
\OML/cmm/m/it/10 R[]$ 
 []


Overfull \hbox (39.62512pt too wide) in paragraph at lines 1--15
[]\OT1/cmr/m/n/10 (\OML/cmm/m/it/10 L[] \OT1/cmr/m/n/10 +
 []


Overfull \hbox (25.73611pt too wide) in paragraph at lines 1--15
\OML/cmm/m/it/10 L[]\OT1/cmr/m/n/10 ) =
 []


Overfull \hbox (15.55553pt too wide) in paragraph at lines 1--15
\OT1/cmr/m/n/10 3 =
 []


Overfull \hbox (37.40285pt too wide) in paragraph at lines 1--15
[] \OML/cmm/m/it/10 L[] \OT1/cmr/m/n/10 +
 []


Overfull \hbox (29.62505pt too wide) in paragraph at lines 1--15
[] \OML/cmm/m/it/10 L[]$ 
 []


Overfull \hbox (74.05563pt too wide) detected at line 17
\OML/cmm/m/it/10 L[] \OT1/cmr/m/n/10 + \OML/cmm/m/it/10 L[] \OT1/cmr/m/n/10 = \
OML/cmm/m/it/10 L[] \OMS/cmsy/m/n/10 ^^H \OML/cmm/m/it/10 L[]
 []

Missing character: There is no – in font nullfont!
Missing character: There is no ± in font nullfont!
Missing character: There is no ) in font nullfont!
! Undefined control sequence.
l.22 –±) ${\color
                 {orange}L_1}: <\overline{a}_1, \overline{a}_2> \qquad \dim ...
The control sequence at the end of the top line
of your error message was never \def'ed. If you have
misspelled it (e.g., `\hobx'), type `I' and the correct
spelling (e.g., `I\hbox'). Otherwise just continue,
and I'll forget about whatever was undefined.

! Undefined control sequence.
l.23 ${\color
             {blue}L_2}: <\overline{a}_3, \overline{a}_4> \qquad \dim L_2 = ...
The control sequence at the end of the top line
of your error message was never \def'ed. If you have
misspelled it (e.g., `\hobx'), type `I' and the correct
spelling (e.g., `I\hbox'). Otherwise just continue,
and I'll forget about whatever was undefined.

! Undefined control sequence.
l.24 ..., \overline{a}_3, \overline{a}_4>: \mathbb
                                                  {R}^3$\\
The control sequence at the end of the top line
of your error message was never \def'ed. If you have
misspelled it (e.g., `\hobx'), type `I' and the correct
spelling (e.g., `I\hbox'). Otherwise just continue,
and I'll forget about whatever was undefined.

Missing character: There is no – in font nullfont!
Missing character: There is no ù in font nullfont!
Missing character: There is no – in font nullfont!
Missing character: There is no æ in font nullfont!
Missing character: There is no , in font nullfont!
Missing character: There is no — in font nullfont!
Missing character: There is no Ç in font nullfont!
Missing character: There is no . in font nullfont!
Missing character: There is no – in font nullfont!
Missing character: There is no ∫ in font nullfont!
Missing character: There is no . in font nullfont!
Missing character: There is no – in font nullfont!
Missing character: There is no º in font nullfont!
Missing character: There is no – in font nullfont!
Missing character: There is no æ in font nullfont!
Missing character: There is no – in font nullfont!
Missing character: There is no ∂ in font nullfont!
Missing character: There is no – in font nullfont!
Missing character: There is no Ω in font nullfont!
Missing character: There is no – in font nullfont!
Missing character: There is no æ in font nullfont!
Missing character: There is no – in font nullfont!
Missing character: There is no ≤ in font nullfont!
Missing character: There is no — in font nullfont!
Missing character: There is no ã in font nullfont!
Missing character: There is no – in font nullfont!
Missing character: There is no ∫ in font nullfont!
Missing character: There is no – in font nullfont!
Missing character: There is no ∏ in font nullfont!
Missing character: There is no – in font nullfont!
Missing character: There is no Ω in font nullfont!
Missing character: There is no — in font nullfont!
Missing character: There is no É in font nullfont!
Missing character: There is no — in font nullfont!
Missing character: There is no Ç in font nullfont!
Missing character: There is no — in font nullfont!
Missing character: There is no å in font nullfont!
Missing character: There is no . in font nullfont!

Overfull \hbox (55.33456pt too wide) in paragraph at lines 17--26
 $[] \OT1/cmr/m/n/10 :\OML/cmm/m/it/10 <
 []


Overfull \hbox (34.54396pt too wide) in paragraph at lines 17--26
[][]\OML/cmm/m/it/10 ; [][] >
 []


Overfull \hbox (40.18056pt too wide) in paragraph at lines 17--26
[] \OML/cmm/m/it/10 L[] \OT1/cmr/m/n/10 =
 []


Overfull \hbox (5.00002pt too wide) in paragraph at lines 17--26
\OT1/cmr/m/n/10 2$ 
 []


Overfull \hbox (42.47807pt too wide) in paragraph at lines 17--26
[] \OT1/cmr/m/n/10 :\OML/cmm/m/it/10 <
 []


Overfull \hbox (34.54396pt too wide) in paragraph at lines 17--26
[][]\OML/cmm/m/it/10 ; [][] >
 []


Overfull \hbox (40.18056pt too wide) in paragraph at lines 17--26
[] \OML/cmm/m/it/10 L[] \OT1/cmr/m/n/10 =
 []


Overfull \hbox (5.00002pt too wide) in paragraph at lines 17--26
\OT1/cmr/m/n/10 2$ 
 []


Overfull \hbox (19.0695pt too wide) in paragraph at lines 17--26
\OML/cmm/m/it/10 L[] \OT1/cmr/m/n/10 +
 []


Overfull \hbox (24.625pt too wide) in paragraph at lines 17--26
\OML/cmm/m/it/10 L[] \OT1/cmr/m/n/10 :\OML/cmm/m/it/10 <
 []


Overfull \hbox (65.75461pt too wide) in paragraph at lines 17--26
[][]\OML/cmm/m/it/10 ; [][]; [][]; [][] >\OT1/cmr/m/n/10 :
 []


Overfull \hbox (12.15628pt too wide) in paragraph at lines 17--26
\OML/cmm/m/it/10 R[]$ 
 []


Overfull \hbox (39.62512pt too wide) in paragraph at lines 17--26
[]\OT1/cmr/m/n/10 (\OML/cmm/m/it/10 L[] \OT1/cmr/m/n/10 +
 []


Overfull \hbox (25.73611pt too wide) in paragraph at lines 17--26
\OML/cmm/m/it/10 L[]\OT1/cmr/m/n/10 ) =
 []


Overfull \hbox (5.00002pt too wide) in paragraph at lines 17--26
\OT1/cmr/m/n/10 3$
 []


Overfull \hbox (9.77202pt too wide) in paragraph at lines 17--26
[][]$
 []


! LaTeX Error: Missing \begin{document}.

See the LaTeX manual or LaTeX Companion for explanation.
Type  H <return>  for immediate help.
 ...                                              
                                                  
l.27 –
      í –æ–±—â–µ–º —Å–ª—É—á–∞–µ:
You're in trouble here.  Try typing  <return>  to proceed.
If that doesn't work, type  X <return>  to quit.

Missing character: There is no – in font nullfont!
Missing character: There is no í in font nullfont!
Missing character: There is no – in font nullfont!
Missing character: There is no æ in font nullfont!
Missing character: There is no – in font nullfont!
Missing character: There is no ± in font nullfont!
Missing character: There is no — in font nullfont!
Missing character: There is no â in font nullfont!
Missing character: There is no – in font nullfont!
Missing character: There is no µ in font nullfont!
Missing character: There is no – in font nullfont!
Missing character: There is no º in font nullfont!
Missing character: There is no — in font nullfont!
Missing character: There is no Å in font nullfont!
Missing character: There is no – in font nullfont!
Missing character: There is no ª in font nullfont!
Missing character: There is no — in font nullfont!
Missing character: There is no É in font nullfont!
Missing character: There is no — in font nullfont!
Missing character: There is no á in font nullfont!
Missing character: There is no – in font nullfont!
Missing character: There is no ∞ in font nullfont!
Missing character: There is no – in font nullfont!
Missing character: There is no µ in font nullfont!
Missing character: There is no : in font nullfont!

Overfull \hbox (20.0pt too wide) in paragraph at lines 27--28
[]
 []


Overfull \hbox (135.16684pt too wide) detected at line 30
[]\OT1/cmr/m/n/10 (\OML/cmm/m/it/10 L[] \OT1/cmr/m/n/10 + \OML/cmm/m/it/10 L[]\
OT1/cmr/m/n/10 ) \OMS/cmsy/m/n/10 ^^T [] \OML/cmm/m/it/10 L[] \OT1/cmr/m/n/10 +
 [] \OML/cmm/m/it/10 L[]
 []

Missing character: There is no – in font nullfont!
Missing character: There is no û in font nullfont!
Missing character: There is no — in font nullfont!
Missing character: There is no Ç in font nullfont!
Missing character: There is no – in font nullfont!
Missing character: There is no ≤ in font nullfont!
Missing character: There is no – in font nullfont!
Missing character: There is no µ in font nullfont!
Missing character: There is no — in font nullfont!
Missing character: There is no Ç in font nullfont!
Missing character: There is no – in font nullfont!
Missing character: There is no æ in font nullfont!
Missing character: There is no — in font nullfont!
Missing character: There is no Ä in font nullfont!
Missing character: There is no – in font nullfont!
Missing character: There is no ∞ in font nullfont!
Missing character: There is no – in font nullfont!
Missing character: There is no ∑ in font nullfont!
Missing character: There is no – in font nullfont!
Missing character: There is no º in font nullfont!
Missing character: There is no – in font nullfont!
Missing character: There is no µ in font nullfont!
Missing character: There is no — in font nullfont!
Missing character: There is no Ä in font nullfont!
Missing character: There is no – in font nullfont!
Missing character: There is no Ω in font nullfont!
Missing character: There is no – in font nullfont!
Missing character: There is no æ in font nullfont!
Missing character: There is no — in font nullfont!
Missing character: There is no Å in font nullfont!
Missing character: There is no — in font nullfont!
Missing character: There is no Ç in font nullfont!
Missing character: There is no – in font nullfont!
Missing character: There is no ∏ in font nullfont!
Missing character: There is no – in font nullfont!
Missing character: There is no ¥ in font nullfont!
Missing character: There is no – in font nullfont!
Missing character: There is no ∞ in font nullfont!
Missing character: There is no — in font nullfont!
Missing character: There is no ë in font nullfont!
Missing character: There is no — in font nullfont!
Missing character: There is no Ç in font nullfont!
Missing character: There is no — in font nullfont!
Missing character: There is no Ñ in font nullfont!
Missing character: There is no – in font nullfont!
Missing character: There is no æ in font nullfont!
Missing character: There is no — in font nullfont!
Missing character: There is no Ä in font nullfont!
Missing character: There is no – in font nullfont!
Missing character: There is no º in font nullfont!
Missing character: There is no — in font nullfont!
Missing character: There is no É in font nullfont!
Missing character: There is no – in font nullfont!
Missing character: There is no ª in font nullfont!
Missing character: There is no – in font nullfont!
Missing character: There is no ∞ in font nullfont!
Missing character: There is no – in font nullfont!
Missing character: There is no ì in font nullfont!
Missing character: There is no — in font nullfont!
Missing character: There is no Ä in font nullfont!
Missing character: There is no – in font nullfont!
Missing character: There is no ∞ in font nullfont!
Missing character: There is no — in font nullfont!
Missing character: There is no Å in font nullfont!
Missing character: There is no — in font nullfont!
Missing character: There is no Å in font nullfont!
Missing character: There is no – in font nullfont!
Missing character: There is no º in font nullfont!
Missing character: There is no – in font nullfont!
Missing character: There is no ∞ in font nullfont!
Missing character: There is no – in font nullfont!
Missing character: There is no Ω in font nullfont!
Missing character: There is no – in font nullfont!
Missing character: There is no ∞ in font nullfont!
Missing character: There is no : in font nullfont!

Overfull \hbox (199.41704pt too wide) detected at line 34
[]\OT1/cmr/m/n/10 (\OML/cmm/m/it/10 L[] \OT1/cmr/m/n/10 + \OML/cmm/m/it/10 L[]\
OT1/cmr/m/n/10 ) = [] \OML/cmm/m/it/10 L[] \OT1/cmr/m/n/10 + [] \OML/cmm/m/it/1
0 L[] \OMS/cmsy/m/n/10 ^^@ []\OT1/cmr/m/n/10 (\OML/cmm/m/it/10 L[] \OMS/cmsy/m/
n/10 \ \OML/cmm/m/it/10 L[]\OT1/cmr/m/n/10 )\OML/cmm/m/it/10 :
 []

! Undefined control sequence.
l.35 \section
             {–ü–æ–Ω—è—Ç–∏–µ –ø—Ä–æ–µ–∫—Ü–∏–∏ –≤–µ–∫—Ç–æ—Ä–∞ –Ω–∞ –ø–æ–¥–ø—Ä...
The control sequence at the end of the top line
of your error message was never \def'ed. If you have
misspelled it (e.g., `\hobx'), type `I' and the correct
spelling (e.g., `I\hbox'). Otherwise just continue,
and I'll forget about whatever was undefined.

Missing character: There is no – in font nullfont!
Missing character: There is no ü in font nullfont!
Missing character: There is no – in font nullfont!
Missing character: There is no æ in font nullfont!
Missing character: There is no – in font nullfont!
Missing character: There is no Ω in font nullfont!
Missing character: There is no — in font nullfont!
Missing character: There is no è in font nullfont!
Missing character: There is no — in font nullfont!
Missing character: There is no Ç in font nullfont!
Missing character: There is no – in font nullfont!
Missing character: There is no ∏ in font nullfont!
Missing character: There is no – in font nullfont!
Missing character: There is no µ in font nullfont!
Missing character: There is no – in font nullfont!
Missing character: There is no ø in font nullfont!
Missing character: There is no — in font nullfont!
Missing character: There is no Ä in font nullfont!
Missing character: There is no – in font nullfont!
Missing character: There is no æ in font nullfont!
Missing character: There is no – in font nullfont!
Missing character: There is no µ in font nullfont!
Missing character: There is no – in font nullfont!
Missing character: There is no ∫ in font nullfont!
Missing character: There is no — in font nullfont!
Missing character: There is no Ü in font nullfont!
Missing character: There is no – in font nullfont!
Missing character: There is no ∏ in font nullfont!
Missing character: There is no – in font nullfont!
Missing character: There is no ∏ in font nullfont!
Missing character: There is no – in font nullfont!
Missing character: There is no ≤ in font nullfont!
Missing character: There is no – in font nullfont!
Missing character: There is no µ in font nullfont!
Missing character: There is no – in font nullfont!
Missing character: There is no ∫ in font nullfont!
Missing character: There is no — in font nullfont!
Missing character: There is no Ç in font nullfont!
Missing character: There is no – in font nullfont!
Missing character: There is no æ in font nullfont!
Missing character: There is no — in font nullfont!
Missing character: There is no Ä in font nullfont!
Missing character: There is no – in font nullfont!
Missing character: There is no ∞ in font nullfont!
Missing character: There is no – in font nullfont!
Missing character: There is no Ω in font nullfont!
Missing character: There is no – in font nullfont!
Missing character: There is no ∞ in font nullfont!
Missing character: There is no – in font nullfont!
Missing character: There is no ø in font nullfont!
Missing character: There is no – in font nullfont!
Missing character: There is no æ in font nullfont!
Missing character: There is no – in font nullfont!
Missing character: There is no ¥ in font nullfont!
Missing character: There is no – in font nullfont!
Missing character: There is no ø in font nullfont!
Missing character: There is no — in font nullfont!
Missing character: There is no Ä in font nullfont!
Missing character: There is no – in font nullfont!
Missing character: There is no æ in font nullfont!
Missing character: There is no — in font nullfont!
Missing character: There is no Å in font nullfont!
Missing character: There is no — in font nullfont!
Missing character: There is no Ç in font nullfont!
Missing character: There is no — in font nullfont!
Missing character: There is no Ä in font nullfont!
Missing character: There is no – in font nullfont!
Missing character: There is no ∞ in font nullfont!
Missing character: There is no – in font nullfont!
Missing character: There is no Ω in font nullfont!
Missing character: There is no — in font nullfont!
Missing character: There is no Å in font nullfont!
Missing character: There is no — in font nullfont!
Missing character: There is no Ç in font nullfont!
Missing character: There is no – in font nullfont!
Missing character: There is no ≤ in font nullfont!
Missing character: There is no – in font nullfont!
Missing character: There is no æ in font nullfont!

! LaTeX Error: Environment definition undefined.

See the LaTeX manual or LaTeX Companion for explanation.
Type  H <return>  for immediate help.
 ...                                              
                                                  
l.36 \begin{definition}
                       
Your command was ignored.
Type  I <command> <return>  to replace it with another command,
or  <return>  to continue without it.

Missing character: There is no – in font nullfont!
Missing character: There is no ü in font nullfont!
Missing character: There is no — in font nullfont!
Missing character: There is no É in font nullfont!
Missing character: There is no — in font nullfont!
Missing character: There is no Å in font nullfont!
Missing character: There is no — in font nullfont!
Missing character: There is no Ç in font nullfont!
Missing character: There is no — in font nullfont!
Missing character: There is no å in font nullfont!
Missing character: There is no . in font nullfont!
Missing character: There is no – in font nullfont!
Missing character: There is no ü in font nullfont!
Missing character: There is no — in font nullfont!
Missing character: There is no Ä in font nullfont!
Missing character: There is no – in font nullfont!
Missing character: There is no ∏ in font nullfont!
Missing character: There is no — in font nullfont!
Missing character: There is no ç in font nullfont!
Missing character: There is no — in font nullfont!
Missing character: There is no Ç in font nullfont!
Missing character: There is no – in font nullfont!
Missing character: There is no æ in font nullfont!
Missing character: There is no – in font nullfont!
Missing character: There is no º in font nullfont!
Missing character: There is no – in font nullfont!
Missing character: There is no ≤ in font nullfont!
Missing character: There is no – in font nullfont!
Missing character: There is no µ in font nullfont!
Missing character: There is no – in font nullfont!
Missing character: There is no ∫ in font nullfont!
Missing character: There is no — in font nullfont!
Missing character: There is no Ç in font nullfont!
Missing character: There is no – in font nullfont!
Missing character: There is no æ in font nullfont!
Missing character: There is no — in font nullfont!
Missing character: There is no Ä in font nullfont!
Missing character: There is no – in font nullfont!
Missing character: There is no Ω in font nullfont!
Missing character: There is no – in font nullfont!
Missing character: There is no ∞ in font nullfont!
Missing character: There is no – in font nullfont!
Missing character: There is no ∑ in font nullfont!
Missing character: There is no — in font nullfont!
Missing character: There is no ã in font nullfont!
Missing character: There is no – in font nullfont!
Missing character: There is no ≤ in font nullfont!
Missing character: There is no – in font nullfont!
Missing character: There is no ∞ in font nullfont!
Missing character: There is no – in font nullfont!
Missing character: There is no µ in font nullfont!
Missing character: There is no — in font nullfont!
Missing character: There is no Ç in font nullfont!
Missing character: There is no — in font nullfont!
Missing character: There is no Å in font nullfont!
Missing character: There is no — in font nullfont!
Missing character: There is no è in font nullfont!
Missing character: There is no – in font nullfont!
Missing character: There is no ø in font nullfont!
Missing character: There is no — in font nullfont!
Missing character: There is no Ä in font nullfont!
Missing character: There is no – in font nullfont!
Missing character: There is no æ in font nullfont!
Missing character: There is no – in font nullfont!
Missing character: There is no µ in font nullfont!
Missing character: There is no – in font nullfont!
Missing character: There is no ∫ in font nullfont!
Missing character: There is no — in font nullfont!
Missing character: There is no Ü in font nullfont!
Missing character: There is no – in font nullfont!
Missing character: There is no ∏ in font nullfont!
Missing character: There is no – in font nullfont!
Missing character: There is no µ in font nullfont!
Missing character: There is no – in font nullfont!
Missing character: There is no π in font nullfont!
Missing character: There is no – in font nullfont!
Missing character: There is no ≤ in font nullfont!
Missing character: There is no – in font nullfont!
Missing character: There is no µ in font nullfont!
Missing character: There is no – in font nullfont!
Missing character: There is no ∫ in font nullfont!
Missing character: There is no — in font nullfont!
Missing character: There is no Ç in font nullfont!
Missing character: There is no – in font nullfont!
Missing character: There is no æ in font nullfont!
Missing character: There is no — in font nullfont!
Missing character: There is no Ä in font nullfont!
Missing character: There is no – in font nullfont!
Missing character: There is no ∞ in font nullfont!
Missing character: There is no – in font nullfont!
Missing character: There is no Ω in font nullfont!
Missing character: There is no – in font nullfont!
Missing character: There is no ∞ in font nullfont!
Missing character: There is no – in font nullfont!
Missing character: There is no ø in font nullfont!
Missing character: There is no – in font nullfont!
Missing character: There is no ∞ in font nullfont!
Missing character: There is no — in font nullfont!
Missing character: There is no Ä in font nullfont!
Missing character: There is no – in font nullfont!
Missing character: There is no ∞ in font nullfont!
Missing character: There is no – in font nullfont!
Missing character: There is no ª in font nullfont!
Missing character: There is no – in font nullfont!
Missing character: There is no ª in font nullfont!
Missing character: There is no – in font nullfont!
Missing character: There is no µ in font nullfont!
Missing character: There is no – in font nullfont!
Missing character: There is no ª in font nullfont!
Missing character: There is no — in font nullfont!
Missing character: There is no å in font nullfont!
Missing character: There is no – in font nullfont!
Missing character: There is no Ω in font nullfont!
Missing character: There is no – in font nullfont!
Missing character: There is no æ in font nullfont!
Missing character: There is no . in font nullfont!

! LaTeX Error: \begin{document} ended by \end{definition}.

See the LaTeX manual or LaTeX Companion for explanation.
Type  H <return>  for immediate help.
 ...                                              
                                                  
l.38 \end{definition}
                     
Your command was ignored.
Type  I <command> <return>  to replace it with another command,
or  <return>  to continue without it.


! LaTeX Error: Environment prim undefined.

See the LaTeX manual or LaTeX Companion for explanation.
Type  H <return>  for immediate help.
 ...                                              
                                                  
l.39 \begin{prim}
                 
Your command was ignored.
Type  I <command> <return>  to replace it with another command,
or  <return>  to continue without it.

Missing character: There is no – in font nullfont!
Missing character: There is no ù in font nullfont!
Missing character: There is no – in font nullfont!
Missing character: There is no ∞ in font nullfont!
Missing character: There is no – in font nullfont!
Missing character: There is no π in font nullfont!
Missing character: There is no — in font nullfont!
Missing character: There is no Ç in font nullfont!
Missing character: There is no – in font nullfont!
Missing character: There is no ∏ in font nullfont!
Missing character: There is no – in font nullfont!
Missing character: There is no ø in font nullfont!
Missing character: There is no — in font nullfont!
Missing character: There is no Ä in font nullfont!
Missing character: There is no – in font nullfont!
Missing character: There is no æ in font nullfont!
Missing character: There is no – in font nullfont!
Missing character: There is no µ in font nullfont!
Missing character: There is no – in font nullfont!
Missing character: There is no ∫ in font nullfont!
Missing character: There is no — in font nullfont!
Missing character: There is no Ü in font nullfont!
Missing character: There is no – in font nullfont!
Missing character: There is no ∏ in font nullfont!
Missing character: There is no — in font nullfont!
Missing character: There is no é in font nullfont!
! Undefined control sequence.
l.40 ...–∏ –ø—Ä–æ–µ–∫—Ü–∏—é $(0\ -1\ -1\ 4)^{\text
                                                  {T}}$ –Ω–∞ –ø–æ–¥–ø—Ä–æ—Å—...
The control sequence at the end of the top line
of your error message was never \def'ed. If you have
misspelled it (e.g., `\hobx'), type `I' and the correct
spelling (e.g., `I\hbox'). Otherwise just continue,
and I'll forget about whatever was undefined.

Missing character: There is no – in font nullfont!
Missing character: There is no Ω in font nullfont!
Missing character: There is no – in font nullfont!
Missing character: There is no ∞ in font nullfont!
Missing character: There is no – in font nullfont!
Missing character: There is no ø in font nullfont!
Missing character: There is no – in font nullfont!
Missing character: There is no æ in font nullfont!
Missing character: There is no – in font nullfont!
Missing character: There is no ¥ in font nullfont!
Missing character: There is no – in font nullfont!
Missing character: There is no ø in font nullfont!
Missing character: There is no — in font nullfont!
Missing character: There is no Ä in font nullfont!
Missing character: There is no – in font nullfont!
Missing character: There is no æ in font nullfont!
Missing character: There is no — in font nullfont!
Missing character: There is no Å in font nullfont!
Missing character: There is no — in font nullfont!
Missing character: There is no Ç in font nullfont!
Missing character: There is no — in font nullfont!
Missing character: There is no Ä in font nullfont!
Missing character: There is no – in font nullfont!
Missing character: There is no ∞ in font nullfont!
Missing character: There is no – in font nullfont!
Missing character: There is no Ω in font nullfont!
Missing character: There is no — in font nullfont!
Missing character: There is no Å in font nullfont!
Missing character: There is no — in font nullfont!
Missing character: There is no Ç in font nullfont!
Missing character: There is no – in font nullfont!
Missing character: There is no ≤ in font nullfont!
Missing character: There is no – in font nullfont!
Missing character: There is no æ in font nullfont!
Missing character: There is no – in font nullfont!
Missing character: There is no ≤ in font nullfont!
Missing character: There is no – in font nullfont!
Missing character: There is no ¥ in font nullfont!
Missing character: There is no – in font nullfont!
Missing character: There is no æ in font nullfont!
Missing character: There is no – in font nullfont!
Missing character: There is no ª in font nullfont!
Missing character: There is no — in font nullfont!
Missing character: There is no å in font nullfont!
Missing character: There is no – in font nullfont!
Missing character: There is no ª in font nullfont!
Missing character: There is no – in font nullfont!
Missing character: There is no ∏ in font nullfont!
Missing character: There is no – in font nullfont!
Missing character: There is no Ω in font nullfont!
Missing character: There is no – in font nullfont!
Missing character: There is no µ in font nullfont!
Missing character: There is no – in font nullfont!
Missing character: There is no π in font nullfont!
Missing character: There is no – in font nullfont!
Missing character: There is no Ω in font nullfont!
Missing character: There is no – in font nullfont!
Missing character: There is no æ in font nullfont!
Missing character: There is no – in font nullfont!
Missing character: There is no π in font nullfont!
Missing character: There is no – in font nullfont!
Missing character: There is no æ in font nullfont!
Missing character: There is no – in font nullfont!
Missing character: There is no ± in font nullfont!
Missing character: There is no – in font nullfont!
Missing character: There is no æ in font nullfont!
Missing character: There is no – in font nullfont!
Missing character: There is no ª in font nullfont!
Missing character: There is no – in font nullfont!
Missing character: There is no æ in font nullfont!
Missing character: There is no — in font nullfont!
Missing character: There is no á in font nullfont!
Missing character: There is no – in font nullfont!
Missing character: There is no ∫ in font nullfont!
Missing character: There is no – in font nullfont!
Missing character: There is no ∏ in font nullfont!
! Undefined control sequence.
l.40 ...–±–æ–ª–æ—á–∫–∏ $L_2: <(1\ -1\ 1\ 0)^{\text
                                                  {T}}$>.
The control sequence at the end of the top line
of your error message was never \def'ed. If you have
misspelled it (e.g., `\hobx'), type `I' and the correct
spelling (e.g., `I\hbox'). Otherwise just continue,
and I'll forget about whatever was undefined.

Missing character: There is no > in font nullfont!
Missing character: There is no . in font nullfont!

! LaTeX Error: \begin{document} ended by \end{prim}.

See the LaTeX manual or LaTeX Companion for explanation.
Type  H <return>  for immediate help.
 ...                                              
                                                  
l.41 \end{prim}
               
Your command was ignored.
Type  I <command> <return>  to replace it with another command,
or  <return>  to continue without it.


! LaTeX Error: Environment pmatrix* undefined.

See the LaTeX manual or LaTeX Companion for explanation.
Type  H <return>  for immediate help.
 ...                                              
                                                  
l.50 \begin{pmatrix*}
                     [r]
Your command was ignored.
Type  I <command> <return>  to replace it with another command,
or  <return>  to continue without it.

! Misplaced alignment tab character &.
l.51 -1&
        -1&-1\\
I can't figure out why you would want to use a tab mark
here. If you just want an ampersand, the remedy is
simple: Just type `I\&' now. But if some right brace
up above has ended a previous alignment prematurely,
you're probably due for more error messages, and you
might try typing `S' now just to see what is salvageable.

! Misplaced alignment tab character &.
l.51 -1&-1&
           -1\\
I can't figure out why you would want to use a tab mark
here. If you just want an ampersand, the remedy is
simple: Just type `I\&' now. But if some right brace
up above has ended a previous alignment prematurely,
you're probably due for more error messages, and you
might try typing `S' now just to see what is salvageable.

! Misplaced alignment tab character &.
l.52 1&
       0&0\\
I can't figure out why you would want to use a tab mark
here. If you just want an ampersand, the remedy is
simple: Just type `I\&' now. But if some right brace
up above has ended a previous alignment prematurely,
you're probably due for more error messages, and you
might try typing `S' now just to see what is salvageable.

! Misplaced alignment tab character &.
l.52 1&0&
         0\\
I can't figure out why you would want to use a tab mark
here. If you just want an ampersand, the remedy is
simple: Just type `I\&' now. But if some right brace
up above has ended a previous alignment prematurely,
you're probably due for more error messages, and you
might try typing `S' now just to see what is salvageable.

! Misplaced alignment tab character &.
l.53 0&
       1&0\\
I can't figure out why you would want to use a tab mark
here. If you just want an ampersand, the remedy is
simple: Just type `I\&' now. But if some right brace
up above has ended a previous alignment prematurely,
you're probably due for more error messages, and you
might try typing `S' now just to see what is salvageable.

! Misplaced alignment tab character &.
l.53 0&1&
         0\\
I can't figure out why you would want to use a tab mark
here. If you just want an ampersand, the remedy is
simple: Just type `I\&' now. But if some right brace
up above has ended a previous alignment prematurely,
you're probably due for more error messages, and you
might try typing `S' now just to see what is salvageable.

! Misplaced alignment tab character &.
l.54 0&
       0&1\\
I can't figure out why you would want to use a tab mark
here. If you just want an ampersand, the remedy is
simple: Just type `I\&' now. But if some right brace
up above has ended a previous alignment prematurely,
you're probably due for more error messages, and you
might try typing `S' now just to see what is salvageable.

! Misplaced alignment tab character &.
l.54 0&0&
         1\\
I can't figure out why you would want to use a tab mark
here. If you just want an ampersand, the remedy is
simple: Just type `I\&' now. But if some right brace
up above has ended a previous alignment prematurely,
you're probably due for more error messages, and you
might try typing `S' now just to see what is salvageable.


! LaTeX Error: \begin{document} ended by \end{pmatrix*}.

See the LaTeX manual or LaTeX Companion for explanation.
Type  H <return>  for immediate help.
 ...                                              
                                                  
l.55 \end{pmatrix*}
                   
Your command was ignored.
Type  I <command> <return>  to replace it with another command,
or  <return>  to continue without it.


! LaTeX Error: Environment pmatrix* undefined.

See the LaTeX manual or LaTeX Companion for explanation.
Type  H <return>  for immediate help.
 ...                                              
                                                  
l.56 \begin{pmatrix*}
                     [r]
Your command was ignored.
Type  I <command> <return>  to replace it with another command,
or  <return>  to continue without it.


! LaTeX Error: \begin{document} ended by \end{pmatrix*}.

See the LaTeX manual or LaTeX Companion for explanation.
Type  H <return>  for immediate help.
 ...                                              
                                                  
l.60 \end{pmatrix*}
                   
Your command was ignored.
Type  I <command> <return>  to replace it with another command,
or  <return>  to continue without it.

Missing character: There is no – in font nullfont!
Missing character: There is no ∏ in font nullfont!
Missing character: There is no – in font nullfont!
Missing character: There is no ª in font nullfont!
Missing character: There is no – in font nullfont!
Missing character: There is no ∏ in font nullfont!

! LaTeX Error: Environment pmatrix* undefined.

See the LaTeX manual or LaTeX Companion for explanation.
Type  H <return>  for immediate help.
 ...                                              
                                                  
l.65 \begin{pmatrix*}
                     [r]
Your command was ignored.
Type  I <command> <return>  to replace it with another command,
or  <return>  to continue without it.


! LaTeX Error: \begin{document} ended by \end{pmatrix*}.

See the LaTeX manual or LaTeX Companion for explanation.
Type  H <return>  for immediate help.
 ...                                              
                                                  
l.70 \end{pmatrix*}
                   
Your command was ignored.
Type  I <command> <return>  to replace it with another command,
or  <return>  to continue without it.


! LaTeX Error: Environment pmatrix* undefined.

See the LaTeX manual or LaTeX Companion for explanation.
Type  H <return>  for immediate help.
 ...                                              
                                                  
l.72 \begin{pmatrix*}
                     [r]
Your command was ignored.
Type  I <command> <return>  to replace it with another command,
or  <return>  to continue without it.


! LaTeX Error: \begin{document} ended by \end{pmatrix*}.

See the LaTeX manual or LaTeX Companion for explanation.
Type  H <return>  for immediate help.
 ...                                              
                                                  
l.77 \end{pmatrix*}
                   
Your command was ignored.
Type  I <command> <return>  to replace it with another command,
or  <return>  to continue without it.


! LaTeX Error: Environment pmatrix* undefined.

See the LaTeX manual or LaTeX Companion for explanation.
Type  H <return>  for immediate help.
 ...                                              
                                                  
l.79 \begin{pmatrix*}
                     [r]
Your command was ignored.
Type  I <command> <return>  to replace it with another command,
or  <return>  to continue without it.


! LaTeX Error: \begin{document} ended by \end{pmatrix*}.

See the LaTeX manual or LaTeX Companion for explanation.
Type  H <return>  for immediate help.
 ...                                              
                                                  
l.84 \end{pmatrix*}
                   
Your command was ignored.
Type  I <command> <return>  to replace it with another command,
or  <return>  to continue without it.


Overfull \hbox (20.28586pt too wide) in paragraph at lines 34--87
       $\OMS/cmsy/m/n/10 9 \OML/cmm/m/it/10 a \OMS/cmsy/m/n/10 2
 []


Overfull \hbox (29.47217pt too wide) in paragraph at lines 34--87
\OML/cmm/m/it/10 L[];  b \OMS/cmsy/m/n/10 2
 []


Overfull \hbox (30.89578pt too wide) in paragraph at lines 34--87
\OML/cmm/m/it/10 L[];  x \OMS/cmsy/m/n/10 2
 []


Overfull \hbox (19.0695pt too wide) in paragraph at lines 34--87
\OML/cmm/m/it/10 L[] \OT1/cmr/m/n/10 +
 []


Overfull \hbox (16.8472pt too wide) in paragraph at lines 34--87
\OML/cmm/m/it/10 L[] \OT1/cmr/m/n/10 :
 []


Overfull \hbox (24.60414pt too wide) in paragraph at lines 34--87
\OMS/cmsy/m/n/10 9\OT1/cmr/m/n/10 ! \OML/cmm/m/it/10 x \OT1/cmr/m/n/10 =
 []


Overfull \hbox (13.06369pt too wide) in paragraph at lines 34--87
\OML/cmm/m/it/10 a \OT1/cmr/m/n/10 +
 []


Overfull \hbox (17.06938pt too wide) in paragraph at lines 34--87
\OML/cmm/m/it/10 b \OMS/cmsy/m/n/10 ,
 []


Overfull \hbox (19.0695pt too wide) in paragraph at lines 34--87
\OML/cmm/m/it/10 L[] \OT1/cmr/m/n/10 +
 []


Overfull \hbox (21.84721pt too wide) in paragraph at lines 34--87
\OML/cmm/m/it/10 L[] \OT1/cmr/m/n/10 =
 []


Overfull \hbox (19.0695pt too wide) in paragraph at lines 34--87
\OML/cmm/m/it/10 L[] \OMS/cmsy/m/n/10 ^^H
 []


Overfull \hbox (11.2917pt too wide) in paragraph at lines 34--87
\OML/cmm/m/it/10 L[]$
 []


Overfull \hbox (5.28589pt too wide) in paragraph at lines 34--87
\OML/cmm/m/it/10 a$
 []


Overfull \hbox (5.71527pt too wide) in paragraph at lines 34--87
\OML/cmm/m/it/10 x$
 []


Overfull \hbox (11.2917pt too wide) in paragraph at lines 34--87
\OML/cmm/m/it/10 L[]$
 []


Overfull \hbox (11.2917pt too wide) in paragraph at lines 34--87
\OML/cmm/m/it/10 L[]$
 []


Overfull \hbox (16.66672pt too wide) in paragraph at lines 34--87
\OT1/cmr/m/n/10 (0  \OMS/cmsy/m/n/10 ^^@
 []


Overfull \hbox (12.77782pt too wide) in paragraph at lines 34--87
\OT1/cmr/m/n/10 1  \OMS/cmsy/m/n/10 ^^@
 []


Overfull \hbox (20.18858pt too wide) in paragraph at lines 34--87
\OT1/cmr/m/n/10 1 4)[]$
 []


Overfull \hbox (16.8472pt too wide) in paragraph at lines 34--87
\OML/cmm/m/it/10 L[] \OT1/cmr/m/n/10 :
 []


Overfull \hbox (17.9792pt too wide) in paragraph at lines 34--87
\OML/cmm/m/it/10 x[] \OT1/cmr/m/n/10 +
 []


Overfull \hbox (17.9792pt too wide) in paragraph at lines 34--87
\OML/cmm/m/it/10 x[] \OT1/cmr/m/n/10 +
 []


Overfull \hbox (17.9792pt too wide) in paragraph at lines 34--87
\OML/cmm/m/it/10 x[] \OT1/cmr/m/n/10 +
 []


Overfull \hbox (20.75691pt too wide) in paragraph at lines 34--87
\OML/cmm/m/it/10 x[] \OT1/cmr/m/n/10 =
 []


Overfull \hbox (5.00002pt too wide) in paragraph at lines 34--87
\OT1/cmr/m/n/10 0$
 []


Overfull \hbox (24.625pt too wide) in paragraph at lines 34--87
\OML/cmm/m/it/10 L[] \OT1/cmr/m/n/10 :\OML/cmm/m/it/10 <
 []


Overfull \hbox (16.66672pt too wide) in paragraph at lines 34--87
\OT1/cmr/m/n/10 (1  \OMS/cmsy/m/n/10 ^^@
 []


Overfull \hbox (25.1886pt too wide) in paragraph at lines 34--87
\OT1/cmr/m/n/10 1 1 0)[]$
 []


Overfull \hbox (16.8472pt too wide) in paragraph at lines 34--87
\OML/cmm/m/it/10 L[] \OT1/cmr/m/n/10 :
 []


Overfull \hbox (48.33339pt too wide) in paragraph at lines 34--87
\OT1/cmr/m/n/10 (1 1 1 1 \OMS/cmsy/m/n/10 j \OT1/cmr/m/n/10 0) \OMS/cmsy/m/n/10
 )
 []


Overfull \hbox (22.97908pt too wide) in paragraph at lines 34--87
[][] [] 
 []


Overfull \hbox (10.2014pt too wide) in paragraph at lines 34--87
\OML/cmm/m/it/10 x[][] 
 []


Overfull \hbox (10.2014pt too wide) in paragraph at lines 34--87
\OML/cmm/m/it/10 x[][] 
 []


Overfull \hbox (10.2014pt too wide) in paragraph at lines 34--87
\OML/cmm/m/it/10 x[][] 
 []


Overfull \hbox (7.7778pt too wide) in paragraph at lines 34--87
\OT1/cmr/m/n/10 =
 []


Overfull \hbox (18.12274pt too wide) in paragraph at lines 34--87
\OT1/cmr/m/n/10 [\OML/cmm/m/it/10 r\OT1/cmr/m/n/10 ] \OMS/cmsy/m/n/10 ^^@
 []


Overfull \hbox (12.77782pt too wide) in paragraph at lines 34--87
\OT1/cmr/m/n/10 1 \OMS/cmsy/m/n/10 ^^@
 []


Overfull \hbox (12.77782pt too wide) in paragraph at lines 34--87
\OT1/cmr/m/n/10 1 \OMS/cmsy/m/n/10 ^^@
 []


Overfull \hbox (5.00002pt too wide) in paragraph at lines 34--87
\OT1/cmr/m/n/10 1[] 
 []


Overfull \hbox (15.00005pt too wide) in paragraph at lines 34--87
\OT1/cmr/m/n/10 100[] 
 []


Overfull \hbox (15.00005pt too wide) in paragraph at lines 34--87
\OT1/cmr/m/n/10 010[] 
 []


Overfull \hbox (15.00005pt too wide) in paragraph at lines 34--87
\OT1/cmr/m/n/10 001[] 
 []


Overfull \hbox (19.15863pt too wide) in paragraph at lines 34--87
\OT1/cmr/m/n/10 [\OML/cmm/m/it/10 r\OT1/cmr/m/n/10 ]\OML/cmm/m/it/10 c[][] 
 []


Overfull \hbox (8.81369pt too wide) in paragraph at lines 34--87
\OML/cmm/m/it/10 c[][] 
 []


Overfull \hbox (8.81369pt too wide) in paragraph at lines 34--87
\OML/cmm/m/it/10 c[][] 
 []


Overfull \hbox (24.625pt too wide) in paragraph at lines 34--87
\OML/cmm/m/it/10 L[] \OT1/cmr/m/n/10 :\OML/cmm/m/it/10 <
 []


Overfull \hbox (18.12274pt too wide) in paragraph at lines 34--87
\OT1/cmr/m/n/10 [\OML/cmm/m/it/10 r\OT1/cmr/m/n/10 ] \OMS/cmsy/m/n/10 ^^@
 []


Overfull \hbox (5.00002pt too wide) in paragraph at lines 34--87
\OT1/cmr/m/n/10 1[] 
 []


Overfull \hbox (5.00002pt too wide) in paragraph at lines 34--87
\OT1/cmr/m/n/10 1[] 
 []


Overfull \hbox (5.00002pt too wide) in paragraph at lines 34--87
\OT1/cmr/m/n/10 0[] 
 []


Overfull \hbox (5.00002pt too wide) in paragraph at lines 34--87
\OT1/cmr/m/n/10 0[] 
 []


Overfull \hbox (22.56715pt too wide) in paragraph at lines 34--87
\OML/cmm/m/it/10 ; \OT1/cmr/m/n/10 [\OML/cmm/m/it/10 r\OT1/cmr/m/n/10 ] \OMS/cm
sy/m/n/10 ^^@
 []


Overfull \hbox (5.00002pt too wide) in paragraph at lines 34--87
\OT1/cmr/m/n/10 1[] 
 []


Overfull \hbox (5.00002pt too wide) in paragraph at lines 34--87
\OT1/cmr/m/n/10 0[] 
 []


Overfull \hbox (5.00002pt too wide) in paragraph at lines 34--87
\OT1/cmr/m/n/10 1[] 
 []


Overfull \hbox (5.00002pt too wide) in paragraph at lines 34--87
\OT1/cmr/m/n/10 0[] 
 []


Overfull \hbox (22.56715pt too wide) in paragraph at lines 34--87
\OML/cmm/m/it/10 ; \OT1/cmr/m/n/10 [\OML/cmm/m/it/10 r\OT1/cmr/m/n/10 ] \OMS/cm
sy/m/n/10 ^^@
 []


Overfull \hbox (5.00002pt too wide) in paragraph at lines 34--87
\OT1/cmr/m/n/10 1[] 
 []


Overfull \hbox (5.00002pt too wide) in paragraph at lines 34--87
\OT1/cmr/m/n/10 0[] 
 []


Overfull \hbox (5.00002pt too wide) in paragraph at lines 34--87
\OT1/cmr/m/n/10 0[] 
 []


Overfull \hbox (5.00002pt too wide) in paragraph at lines 34--87
\OT1/cmr/m/n/10 1[] 
 []


Overfull \hbox (7.7778pt too wide) in paragraph at lines 34--87
\OML/cmm/m/it/10 >
 []


Overfull \hbox (2.77779pt too wide) in paragraph at lines 34--87
\OML/cmm/m/it/10 :$ 
 []

)
! Emergency stop.
<*> ./sem_4_page4.tex
                     
*** (job aborted, no legal \end found)

 
Here is how much of TeX's memory you used:
 19 strings out of 493013
 291 string characters out of 6136992
 59632 words of memory out of 5000000
 3662 multiletter control sequences out of 15000+600000
 3948 words of font info for 15 fonts, out of 8000000 for 9000
 1141 hyphenation exceptions out of 8191
 18i,11n,12p,279b,67s stack positions out of 5000i,500n,10000p,200000b,80000s
!  ==> Fatal error occurred, no output PDF file produced!
